Drawing 1 207 at 1 32
Drawing 2 206 at 2 23
Drawing 3 205 at 3 28
Drawing 4 204 at 4 11
Drawing 5 203 at 5 98
Drawing 6 202 at 6 74
Drawing 7 201 at 7 35
Drawing 8 200 at 8 87
Drawing 9 199 at 9 58
Drawing 10 198 at 10 136
Drawing 11 147 at 11 1
Drawing 12 82 at 11 2
Drawing 13 106 at 11 3
Drawing 14 26 at 11 4
Drawing 15 12 at 11 5
Drawing 16 85 at 11 7
Drawing 17 128 at 11 8
Drawing 18 69 at 11 9
Drawing 19 14 at 11 10
Drawing 20 18 at 11 11
Drawing 21 108 at 11 14
Drawing 22 53 at 11 15
Drawing 23 141 at 11 16
Drawing 24 189 at 11 17
Drawing 25 13 at 11 18
Drawing 26 16 at 11 19
Drawing 27 133 at 11 20
Drawing 28 8 at 11 21
Drawing 29 83 at 11 22
Drawing 30 111 at 11 23
Drawing 31 153 at 11 24
Drawing 32 173 at 11 25
Drawing 33 45 at 11 27
Drawing 34 30 at 11 28
Drawing 35 155 at 11 31
Drawing 36 72 at 11 33
Drawing 37 56 at 11 34
Drawing 38 3 at 11 35
Drawing 39 28 at 11 37
Drawing 40 74 at 11 39
Drawing 41 68 at 11 41
Drawing 42 73 at 11 43
Drawing 43 80 at 11 44
Drawing 44 91 at 11 45
Drawing 45 134 at 11 46
Drawing 46 5 at 11 47
Drawing 47 6 at 11 48
Drawing 48 127 at 11 49
Drawing 49 109 at 11 52
Drawing 50 142 at 11 55
Drawing 51 181 at 11 56
Drawing 52 185 at 11 57
Drawing 53 75 at 11 58
Drawing 54 156 at 11 59
Drawing 55 9 at 11 60
Drawing 56 174 at 11 61
Drawing 57 131 at 11 62
Drawing 58 34 at 11 63
Drawing 59 46 at 11 64
Drawing 60 44 at 11 65
Drawing 61 59 at 11 66
Drawing 62 84 at 11 70
Drawing 63 76 at 11 72
Drawing 64 33 at 11 73
Drawing 65 52 at 11 74
Drawing 66 4 at 11 76
Drawing 67 1 at 11 80
Drawing 68 58 at 11 81
Drawing 69 117 at 11 82
Drawing 70 38 at 11 83
Drawing 71 23 at 11 84
Drawing 72 148 at 11 85
Drawing 73 27 at 11 86
Drawing 74 31 at 11 87
Drawing 75 66 at 11 88
Drawing 76 88 at 11 89
Drawing 77 43 at 11 90
Drawing 78 162 at 11 91
Drawing 79 54 at 11 93
Drawing 80 35 at 11 94
Drawing 81 176 at 11 96
Drawing 82 2 at 11 97
Drawing 83 107 at 11 98
Drawing 84 115 at 11 99
Drawing 85 90 at 11 100
Drawing 86 110 at 11 101
Drawing 87 57 at 11 102
Drawing 88 60 at 11 104
Drawing 89 19 at 11 105
Drawing 90 29 at 11 106
Drawing 91 65 at 11 107
Drawing 92 15 at 11 108
Drawing 93 178 at 11 110
Drawing 94 24 at 11 111
Drawing 95 39 at 11 112
Drawing 96 0 at 11 113
Drawing 97 21 at 11 114
Drawing 98 10 at 11 115
Drawing 99 22 at 11 116
Drawing 100 77 at 11 117
Drawing 101 32 at 11 118
Drawing 102 183 at 11 119
Drawing 103 167 at 11 120
Drawing 104 7 at 11 121
Drawing 105 144 at 11 125
Drawing 106 171 at 11 127
Drawing 107 11 at 11 128
Drawing 108 121 at 11 130
Drawing 109 119 at 11 131
Drawing 110 36 at 11 135
Drawing 111 40 at 11 136
Drawing 112 25 at 11 138
Drawing 113 158 at 11 140
Drawing 114 70 at 11 141
Drawing 115 49 at 11 142
Drawing 116 17 at 11 143
Drawing 117 79 at 11 145
Drawing 118 37 at 11 146
